<?xml version="1.0" encoding="UTF-8"?>
<testsuite xmlns:xsi="http://www.w3.org/2001/XMLSchema-instance" xsi:noNamespaceSchemaLocation="https://maven.apache.org/surefire/maven-surefire-plugin/xsd/surefire-test-report-3.0.xsd" version="3.0" name="Axis.Axis_Spring.AxisSpringApplicationTests" time="4.846" tests="1" errors="0" skipped="0" failures="0">
  <properties>
    <property name="java.specification.version" value="21"/>
    <property name="sun.cpu.isalist" value="amd64"/>
    <property name="sun.jnu.encoding" value="MS949"/>
    <property name="java.class.path" value="E:\Program Study\Spring\AxisSpring\target\test-classes;E:\Program Study\Spring\AxisSpring\target\classes;C:\Users\erlia\.m2\repository\org\springframework\boot\spring-boot-starter-web\3.2.8\spring-boot-starter-web-3.2.8.jar;C:\Users\erlia\.m2\repository\org\springframework\boot\spring-boot-starter\3.2.8\spring-boot-starter-3.2.8.jar;C:\Users\erlia\.m2\repository\org\springframework\boot\spring-boot\3.2.8\spring-boot-3.2.8.jar;C:\Users\erlia\.m2\repository\org\springframework\boot\spring-boot-autoconfigure\3.2.8\spring-boot-autoconfigure-3.2.8.jar;C:\Users\erlia\.m2\repository\org\springframework\boot\spring-boot-starter-logging\3.2.8\spring-boot-starter-logging-3.2.8.jar;C:\Users\erlia\.m2\repository\ch\qos\logback\logback-classic\1.4.14\logback-classic-1.4.14.jar;C:\Users\erlia\.m2\repository\ch\qos\logback\logback-core\1.4.14\logback-core-1.4.14.jar;C:\Users\erlia\.m2\repository\org\apache\logging\log4j\log4j-to-slf4j\2.21.1\log4j-to-slf4j-2.21.1.jar;C:\Users\erlia\.m2\repository\org\apache\logging\log4j\log4j-api\2.21.1\log4j-api-2.21.1.jar;C:\Users\erlia\.m2\repository\org\slf4j\jul-to-slf4j\2.0.13\jul-to-slf4j-2.0.13.jar;C:\Users\erlia\.m2\repository\jakarta\annotation\jakarta.annotation-api\2.1.1\jakarta.annotation-api-2.1.1.jar;C:\Users\erlia\.m2\repository\org\yaml\snakeyaml\2.2\snakeyaml-2.2.jar;C:\Users\erlia\.m2\repository\org\springframework\boot\spring-boot-starter-json\3.2.8\spring-boot-starter-json-3.2.8.jar;C:\Users\erlia\.m2\repository\com\fasterxml\jackson\core\jackson-databind\2.15.4\jackson-databind-2.15.4.jar;C:\Users\erlia\.m2\repository\com\fasterxml\jackson\core\jackson-annotations\2.15.4\jackson-annotations-2.15.4.jar;C:\Users\erlia\.m2\repository\com\fasterxml\jackson\core\jackson-core\2.15.4\jackson-core-2.15.4.jar;C:\Users\erlia\.m2\repository\com\fasterxml\jackson\datatype\jackson-datatype-jdk8\2.15.4\jackson-datatype-jdk8-2.15.4.jar;C:\Users\erlia\.m2\repository\com\fasterxml\jackson\datatype\jackson-datatype-jsr310\2.15.4\jackson-datatype-jsr310-2.15.4.jar;C:\Users\erlia\.m2\repository\com\fasterxml\jackson\module\jackson-module-parameter-names\2.15.4\jackson-module-parameter-names-2.15.4.jar;C:\Users\erlia\.m2\repository\org\springframework\boot\spring-boot-starter-tomcat\3.2.8\spring-boot-starter-tomcat-3.2.8.jar;C:\Users\erlia\.m2\repository\org\apache\tomcat\embed\tomcat-embed-core\10.1.26\tomcat-embed-core-10.1.26.jar;C:\Users\erlia\.m2\repository\org\apache\tomcat\embed\tomcat-embed-websocket\10.1.26\tomcat-embed-websocket-10.1.26.jar;C:\Users\erlia\.m2\repository\org\springframework\spring-web\6.1.11\spring-web-6.1.11.jar;C:\Users\erlia\.m2\repository\org\springframework\spring-beans\6.1.11\spring-beans-6.1.11.jar;C:\Users\erlia\.m2\repository\org\springframework\spring-webmvc\6.1.11\spring-webmvc-6.1.11.jar;C:\Users\erlia\.m2\repository\org\springframework\spring-aop\6.1.11\spring-aop-6.1.11.jar;C:\Users\erlia\.m2\repository\org\springframework\spring-context\6.1.11\spring-context-6.1.11.jar;C:\Users\erlia\.m2\repository\org\springframework\spring-expression\6.1.11\spring-expression-6.1.11.jar;C:\Users\erlia\.m2\repository\org\springframework\boot\spring-boot-starter-data-jpa\3.2.8\spring-boot-starter-data-jpa-3.2.8.jar;C:\Users\erlia\.m2\repository\org\springframework\boot\spring-boot-starter-aop\3.2.8\spring-boot-starter-aop-3.2.8.jar;C:\Users\erlia\.m2\repository\org\aspectj\aspectjweaver\1.9.22.1\aspectjweaver-1.9.22.1.jar;C:\Users\erlia\.m2\repository\org\hibernate\orm\hibernate-core\6.4.9.Final\hibernate-core-6.4.9.Final.jar;C:\Users\erlia\.m2\repository\jakarta\persistence\jakarta.persistence-api\3.1.0\jakarta.persistence-api-3.1.0.jar;C:\Users\erlia\.m2\repository\jakarta\transaction\jakarta.transaction-api\2.0.1\jakarta.transaction-api-2.0.1.jar;C:\Users\erlia\.m2\repository\org\jboss\logging\jboss-logging\3.5.3.Final\jboss-logging-3.5.3.Final.jar;C:\Users\erlia\.m2\repository\org\hibernate\common\hibernate-commons-annotations\6.0.6.Final\hibernate-commons-annotations-6.0.6.Final.jar;C:\Users\erlia\.m2\repository\io\smallrye\jandex\3.1.2\jandex-3.1.2.jar;C:\Users\erlia\.m2\repository\com\fasterxml\classmate\1.6.0\classmate-1.6.0.jar;C:\Users\erlia\.m2\repository\net\bytebuddy\byte-buddy\1.14.18\byte-buddy-1.14.18.jar;C:\Users\erlia\.m2\repository\org\glassfish\jaxb\jaxb-runtime\4.0.5\jaxb-runtime-4.0.5.jar;C:\Users\erlia\.m2\repository\org\glassfish\jaxb\jaxb-core\4.0.5\jaxb-core-4.0.5.jar;C:\Users\erlia\.m2\repository\org\eclipse\angus\angus-activation\2.0.2\angus-activation-2.0.2.jar;C:\Users\erlia\.m2\repository\org\glassfish\jaxb\txw2\4.0.5\txw2-4.0.5.jar;C:\Users\erlia\.m2\repository\com\sun\istack\istack-commons-runtime\4.1.2\istack-commons-runtime-4.1.2.jar;C:\Users\erlia\.m2\repository\jakarta\inject\jakarta.inject-api\2.0.1\jakarta.inject-api-2.0.1.jar;C:\Users\erlia\.m2\repository\org\antlr\antlr4-runtime\4.13.0\antlr4-runtime-4.13.0.jar;C:\Users\erlia\.m2\repository\org\springframework\data\spring-data-jpa\3.2.8\spring-data-jpa-3.2.8.jar;C:\Users\erlia\.m2\repository\org\springframework\data\spring-data-commons\3.2.8\spring-data-commons-3.2.8.jar;C:\Users\erlia\.m2\repository\org\springframework\spring-orm\6.1.11\spring-orm-6.1.11.jar;C:\Users\erlia\.m2\repository\org\springframework\spring-tx\6.1.11\spring-tx-6.1.11.jar;C:\Users\erlia\.m2\repository\org\slf4j\slf4j-api\2.0.13\slf4j-api-2.0.13.jar;C:\Users\erlia\.m2\repository\org\springframework\spring-aspects\6.1.11\spring-aspects-6.1.11.jar;C:\Users\erlia\.m2\repository\org\springframework\boot\spring-boot-starter-jdbc\3.2.8\spring-boot-starter-jdbc-3.2.8.jar;C:\Users\erlia\.m2\repository\com\zaxxer\HikariCP\5.0.1\HikariCP-5.0.1.jar;C:\Users\erlia\.m2\repository\org\springframework\spring-jdbc\6.1.11\spring-jdbc-6.1.11.jar;C:\Users\erlia\.m2\repository\org\springframework\boot\spring-boot-starter-validation\3.2.8\spring-boot-starter-validation-3.2.8.jar;C:\Users\erlia\.m2\repository\org\apache\tomcat\embed\tomcat-embed-el\10.1.26\tomcat-embed-el-10.1.26.jar;C:\Users\erlia\.m2\repository\org\hibernate\validator\hibernate-validator\8.0.1.Final\hibernate-validator-8.0.1.Final.jar;C:\Users\erlia\.m2\repository\jakarta\validation\jakarta.validation-api\3.0.2\jakarta.validation-api-3.0.2.jar;C:\Users\erlia\.m2\repository\org\springframework\boot\spring-boot-starter-thymeleaf\3.2.8\spring-boot-starter-thymeleaf-3.2.8.jar;C:\Users\erlia\.m2\repository\org\thymeleaf\thymeleaf-spring6\3.1.2.RELEASE\thymeleaf-spring6-3.1.2.RELEASE.jar;C:\Users\erlia\.m2\repository\org\thymeleaf\thymeleaf\3.1.2.RELEASE\thymeleaf-3.1.2.RELEASE.jar;C:\Users\erlia\.m2\repository\org\attoparser\attoparser\2.0.7.RELEASE\attoparser-2.0.7.RELEASE.jar;C:\Users\erlia\.m2\repository\org\unbescape\unbescape\1.1.6.RELEASE\unbescape-1.1.6.RELEASE.jar;C:\Users\erlia\.m2\repository\org\springframework\boot\spring-boot-starter-actuator\3.2.8\spring-boot-starter-actuator-3.2.8.jar;C:\Users\erlia\.m2\repository\org\springframework\boot\spring-boot-actuator-autoconfigure\3.2.8\spring-boot-actuator-autoconfigure-3.2.8.jar;C:\Users\erlia\.m2\repository\org\springframework\boot\spring-boot-actuator\3.2.8\spring-boot-actuator-3.2.8.jar;C:\Users\erlia\.m2\repository\io\micrometer\micrometer-observation\1.12.8\micrometer-observation-1.12.8.jar;C:\Users\erlia\.m2\repository\io\micrometer\micrometer-commons\1.12.8\micrometer-commons-1.12.8.jar;C:\Users\erlia\.m2\repository\io\micrometer\micrometer-jakarta9\1.12.8\micrometer-jakarta9-1.12.8.jar;C:\Users\erlia\.m2\repository\io\micrometer\micrometer-core\1.12.8\micrometer-core-1.12.8.jar;C:\Users\erlia\.m2\repository\org\hdrhistogram\HdrHistogram\2.1.12\HdrHistogram-2.1.12.jar;C:\Users\erlia\.m2\repository\org\latencyutils\LatencyUtils\2.0.3\LatencyUtils-2.0.3.jar;C:\Users\erlia\.m2\repository\org\springframework\boot\spring-boot-starter-test\3.2.8\spring-boot-starter-test-3.2.8.jar;C:\Users\erlia\.m2\repository\org\springframework\boot\spring-boot-test\3.2.8\spring-boot-test-3.2.8.jar;C:\Users\erlia\.m2\repository\org\springframework\boot\spring-boot-test-autoconfigure\3.2.8\spring-boot-test-autoconfigure-3.2.8.jar;C:\Users\erlia\.m2\repository\com\jayway\jsonpath\json-path\2.9.0\json-path-2.9.0.jar;C:\Users\erlia\.m2\repository\jakarta\xml\bind\jakarta.xml.bind-api\4.0.2\jakarta.xml.bind-api-4.0.2.jar;C:\Users\erlia\.m2\repository\jakarta\activation\jakarta.activation-api\2.1.3\jakarta.activation-api-2.1.3.jar;C:\Users\erlia\.m2\repository\net\minidev\json-smart\2.5.1\json-smart-2.5.1.jar;C:\Users\erlia\.m2\repository\net\minidev\accessors-smart\2.5.1\accessors-smart-2.5.1.jar;C:\Users\erlia\.m2\repository\org\ow2\asm\asm\9.6\asm-9.6.jar;C:\Users\erlia\.m2\repository\org\assertj\assertj-core\3.24.2\assertj-core-3.24.2.jar;C:\Users\erlia\.m2\repository\org\awaitility\awaitility\4.2.1\awaitility-4.2.1.jar;C:\Users\erlia\.m2\repository\org\hamcrest\hamcrest\2.2\hamcrest-2.2.jar;C:\Users\erlia\.m2\repository\org\junit\jupiter\junit-jupiter\5.10.3\junit-jupiter-5.10.3.jar;C:\Users\erlia\.m2\repository\org\junit\jupiter\junit-jupiter-api\5.10.3\junit-jupiter-api-5.10.3.jar;C:\Users\erlia\.m2\repository\org\opentest4j\opentest4j\1.3.0\opentest4j-1.3.0.jar;C:\Users\erlia\.m2\repository\org\junit\platform\junit-platform-commons\1.10.3\junit-platform-commons-1.10.3.jar;C:\Users\erlia\.m2\repository\org\apiguardian\apiguardian-api\1.1.2\apiguardian-api-1.1.2.jar;C:\Users\erlia\.m2\repository\org\junit\jupiter\junit-jupiter-params\5.10.3\junit-jupiter-params-5.10.3.jar;C:\Users\erlia\.m2\repository\org\junit\jupiter\junit-jupiter-engine\5.10.3\junit-jupiter-engine-5.10.3.jar;C:\Users\erlia\.m2\repository\org\junit\platform\junit-platform-engine\1.10.3\junit-platform-engine-1.10.3.jar;C:\Users\erlia\.m2\repository\org\mockito\mockito-core\5.7.0\mockito-core-5.7.0.jar;C:\Users\erlia\.m2\repository\net\bytebuddy\byte-buddy-agent\1.14.18\byte-buddy-agent-1.14.18.jar;C:\Users\erlia\.m2\repository\org\objenesis\objenesis\3.3\objenesis-3.3.jar;C:\Users\erlia\.m2\repository\org\mockito\mockito-junit-jupiter\5.7.0\mockito-junit-jupiter-5.7.0.jar;C:\Users\erlia\.m2\repository\org\skyscreamer\jsonassert\1.5.3\jsonassert-1.5.3.jar;C:\Users\erlia\.m2\repository\com\vaadin\external\google\android-json\0.0.20131108.vaadin1\android-json-0.0.20131108.vaadin1.jar;C:\Users\erlia\.m2\repository\org\springframework\spring-core\6.1.11\spring-core-6.1.11.jar;C:\Users\erlia\.m2\repository\org\springframework\spring-jcl\6.1.11\spring-jcl-6.1.11.jar;C:\Users\erlia\.m2\repository\org\springframework\spring-test\6.1.11\spring-test-6.1.11.jar;C:\Users\erlia\.m2\repository\org\xmlunit\xmlunit-core\2.9.1\xmlunit-core-2.9.1.jar;C:\Users\erlia\.m2\repository\org\springdoc\springdoc-openapi-starter-webmvc-ui\2.1.0\springdoc-openapi-starter-webmvc-ui-2.1.0.jar;C:\Users\erlia\.m2\repository\org\springdoc\springdoc-openapi-starter-webmvc-api\2.1.0\springdoc-openapi-starter-webmvc-api-2.1.0.jar;C:\Users\erlia\.m2\repository\org\springdoc\springdoc-openapi-starter-common\2.1.0\springdoc-openapi-starter-common-2.1.0.jar;C:\Users\erlia\.m2\repository\io\swagger\core\v3\swagger-core-jakarta\2.2.9\swagger-core-jakarta-2.2.9.jar;C:\Users\erlia\.m2\repository\org\apache\commons\commons-lang3\3.13.0\commons-lang3-3.13.0.jar;C:\Users\erlia\.m2\repository\io\swagger\core\v3\swagger-annotations-jakarta\2.2.9\swagger-annotations-jakarta-2.2.9.jar;C:\Users\erlia\.m2\repository\io\swagger\core\v3\swagger-models-jakarta\2.2.9\swagger-models-jakarta-2.2.9.jar;C:\Users\erlia\.m2\repository\com\fasterxml\jackson\dataformat\jackson-dataformat-yaml\2.15.4\jackson-dataformat-yaml-2.15.4.jar;C:\Users\erlia\.m2\repository\org\webjars\swagger-ui\4.18.2\swagger-ui-4.18.2.jar;C:\Users\erlia\.m2\repository\com\google\code\gson\gson\2.10.1\gson-2.10.1.jar;C:\Users\erlia\.m2\repository\org\mariadb\jdbc\mariadb-java-client\3.3.3\mariadb-java-client-3.3.3.jar;C:\Users\erlia\.m2\repository\com\github\waffle\waffle-jna\3.3.0\waffle-jna-3.3.0.jar;C:\Users\erlia\.m2\repository\net\java\dev\jna\jna\5.13.0\jna-5.13.0.jar;C:\Users\erlia\.m2\repository\net\java\dev\jna\jna-platform\5.13.0\jna-platform-5.13.0.jar;C:\Users\erlia\.m2\repository\org\slf4j\jcl-over-slf4j\2.0.13\jcl-over-slf4j-2.0.13.jar;C:\Users\erlia\.m2\repository\com\github\ben-manes\caffeine\caffeine\3.1.8\caffeine-3.1.8.jar;C:\Users\erlia\.m2\repository\com\google\errorprone\error_prone_annotations\2.21.1\error_prone_annotations-2.21.1.jar;C:\Users\erlia\.m2\repository\org\checkerframework\checker-qual\3.32.0\checker-qual-3.32.0.jar;C:\Users\erlia\.m2\repository\org\projectlombok\lombok\1.18.34\lombok-1.18.34.jar;"/>
    <property name="java.vm.vendor" value="Oracle Corporation"/>
    <property name="sun.arch.data.model" value="64"/>
    <property name="user.variant" value=""/>
    <property name="java.vendor.url" value="https://java.oracle.com/"/>
    <property name="user.timezone" value="Asia/Seoul"/>
    <property name="org.jboss.logging.provider" value="slf4j"/>
    <property name="os.name" value="Windows 11"/>
    <property name="java.vm.specification.version" value="21"/>
    <property name="sun.java.launcher" value="SUN_STANDARD"/>
    <property name="user.country" value="KR"/>
    <property name="sun.boot.library.path" value="C:\Program Files\Java\jdk-21\bin"/>
    <property name="sun.java.command" value="C:\Users\erlia\AppData\Local\Temp\surefire5079648201888132940\surefirebooter-20250509160819967_3.jar C:\Users\erlia\AppData\Local\Temp\surefire5079648201888132940 2025-05-09T16-08-19_795-jvmRun1 surefire-20250509160819967_1tmp surefire_0-20250509160819967_2tmp"/>
    <property name="jdk.debug" value="release"/>
    <property name="surefire.test.class.path" value="E:\Program Study\Spring\AxisSpring\target\test-classes;E:\Program Study\Spring\AxisSpring\target\classes;C:\Users\erlia\.m2\repository\org\springframework\boot\spring-boot-starter-web\3.2.8\spring-boot-starter-web-3.2.8.jar;C:\Users\erlia\.m2\repository\org\springframework\boot\spring-boot-starter\3.2.8\spring-boot-starter-3.2.8.jar;C:\Users\erlia\.m2\repository\org\springframework\boot\spring-boot\3.2.8\spring-boot-3.2.8.jar;C:\Users\erlia\.m2\repository\org\springframework\boot\spring-boot-autoconfigure\3.2.8\spring-boot-autoconfigure-3.2.8.jar;C:\Users\erlia\.m2\repository\org\springframework\boot\spring-boot-starter-logging\3.2.8\spring-boot-starter-logging-3.2.8.jar;C:\Users\erlia\.m2\repository\ch\qos\logback\logback-classic\1.4.14\logback-classic-1.4.14.jar;C:\Users\erlia\.m2\repository\ch\qos\logback\logback-core\1.4.14\logback-core-1.4.14.jar;C:\Users\erlia\.m2\repository\org\apache\logging\log4j\log4j-to-slf4j\2.21.1\log4j-to-slf4j-2.21.1.jar;C:\Users\erlia\.m2\repository\org\apache\logging\log4j\log4j-api\2.21.1\log4j-api-2.21.1.jar;C:\Users\erlia\.m2\repository\org\slf4j\jul-to-slf4j\2.0.13\jul-to-slf4j-2.0.13.jar;C:\Users\erlia\.m2\repository\jakarta\annotation\jakarta.annotation-api\2.1.1\jakarta.annotation-api-2.1.1.jar;C:\Users\erlia\.m2\repository\org\yaml\snakeyaml\2.2\snakeyaml-2.2.jar;C:\Users\erlia\.m2\repository\org\springframework\boot\spring-boot-starter-json\3.2.8\spring-boot-starter-json-3.2.8.jar;C:\Users\erlia\.m2\repository\com\fasterxml\jackson\core\jackson-databind\2.15.4\jackson-databind-2.15.4.jar;C:\Users\erlia\.m2\repository\com\fasterxml\jackson\core\jackson-annotations\2.15.4\jackson-annotations-2.15.4.jar;C:\Users\erlia\.m2\repository\com\fasterxml\jackson\core\jackson-core\2.15.4\jackson-core-2.15.4.jar;C:\Users\erlia\.m2\repository\com\fasterxml\jackson\datatype\jackson-datatype-jdk8\2.15.4\jackson-datatype-jdk8-2.15.4.jar;C:\Users\erlia\.m2\repository\com\fasterxml\jackson\datatype\jackson-datatype-jsr310\2.15.4\jackson-datatype-jsr310-2.15.4.jar;C:\Users\erlia\.m2\repository\com\fasterxml\jackson\module\jackson-module-parameter-names\2.15.4\jackson-module-parameter-names-2.15.4.jar;C:\Users\erlia\.m2\repository\org\springframework\boot\spring-boot-starter-tomcat\3.2.8\spring-boot-starter-tomcat-3.2.8.jar;C:\Users\erlia\.m2\repository\org\apache\tomcat\embed\tomcat-embed-core\10.1.26\tomcat-embed-core-10.1.26.jar;C:\Users\erlia\.m2\repository\org\apache\tomcat\embed\tomcat-embed-websocket\10.1.26\tomcat-embed-websocket-10.1.26.jar;C:\Users\erlia\.m2\repository\org\springframework\spring-web\6.1.11\spring-web-6.1.11.jar;C:\Users\erlia\.m2\repository\org\springframework\spring-beans\6.1.11\spring-beans-6.1.11.jar;C:\Users\erlia\.m2\repository\org\springframework\spring-webmvc\6.1.11\spring-webmvc-6.1.11.jar;C:\Users\erlia\.m2\repository\org\springframework\spring-aop\6.1.11\spring-aop-6.1.11.jar;C:\Users\erlia\.m2\repository\org\springframework\spring-context\6.1.11\spring-context-6.1.11.jar;C:\Users\erlia\.m2\repository\org\springframework\spring-expression\6.1.11\spring-expression-6.1.11.jar;C:\Users\erlia\.m2\repository\org\springframework\boot\spring-boot-starter-data-jpa\3.2.8\spring-boot-starter-data-jpa-3.2.8.jar;C:\Users\erlia\.m2\repository\org\springframework\boot\spring-boot-starter-aop\3.2.8\spring-boot-starter-aop-3.2.8.jar;C:\Users\erlia\.m2\repository\org\aspectj\aspectjweaver\1.9.22.1\aspectjweaver-1.9.22.1.jar;C:\Users\erlia\.m2\repository\org\hibernate\orm\hibernate-core\6.4.9.Final\hibernate-core-6.4.9.Final.jar;C:\Users\erlia\.m2\repository\jakarta\persistence\jakarta.persistence-api\3.1.0\jakarta.persistence-api-3.1.0.jar;C:\Users\erlia\.m2\repository\jakarta\transaction\jakarta.transaction-api\2.0.1\jakarta.transaction-api-2.0.1.jar;C:\Users\erlia\.m2\repository\org\jboss\logging\jboss-logging\3.5.3.Final\jboss-logging-3.5.3.Final.jar;C:\Users\erlia\.m2\repository\org\hibernate\common\hibernate-commons-annotations\6.0.6.Final\hibernate-commons-annotations-6.0.6.Final.jar;C:\Users\erlia\.m2\repository\io\smallrye\jandex\3.1.2\jandex-3.1.2.jar;C:\Users\erlia\.m2\repository\com\fasterxml\classmate\1.6.0\classmate-1.6.0.jar;C:\Users\erlia\.m2\repository\net\bytebuddy\byte-buddy\1.14.18\byte-buddy-1.14.18.jar;C:\Users\erlia\.m2\repository\org\glassfish\jaxb\jaxb-runtime\4.0.5\jaxb-runtime-4.0.5.jar;C:\Users\erlia\.m2\repository\org\glassfish\jaxb\jaxb-core\4.0.5\jaxb-core-4.0.5.jar;C:\Users\erlia\.m2\repository\org\eclipse\angus\angus-activation\2.0.2\angus-activation-2.0.2.jar;C:\Users\erlia\.m2\repository\org\glassfish\jaxb\txw2\4.0.5\txw2-4.0.5.jar;C:\Users\erlia\.m2\repository\com\sun\istack\istack-commons-runtime\4.1.2\istack-commons-runtime-4.1.2.jar;C:\Users\erlia\.m2\repository\jakarta\inject\jakarta.inject-api\2.0.1\jakarta.inject-api-2.0.1.jar;C:\Users\erlia\.m2\repository\org\antlr\antlr4-runtime\4.13.0\antlr4-runtime-4.13.0.jar;C:\Users\erlia\.m2\repository\org\springframework\data\spring-data-jpa\3.2.8\spring-data-jpa-3.2.8.jar;C:\Users\erlia\.m2\repository\org\springframework\data\spring-data-commons\3.2.8\spring-data-commons-3.2.8.jar;C:\Users\erlia\.m2\repository\org\springframework\spring-orm\6.1.11\spring-orm-6.1.11.jar;C:\Users\erlia\.m2\repository\org\springframework\spring-tx\6.1.11\spring-tx-6.1.11.jar;C:\Users\erlia\.m2\repository\org\slf4j\slf4j-api\2.0.13\slf4j-api-2.0.13.jar;C:\Users\erlia\.m2\repository\org\springframework\spring-aspects\6.1.11\spring-aspects-6.1.11.jar;C:\Users\erlia\.m2\repository\org\springframework\boot\spring-boot-starter-jdbc\3.2.8\spring-boot-starter-jdbc-3.2.8.jar;C:\Users\erlia\.m2\repository\com\zaxxer\HikariCP\5.0.1\HikariCP-5.0.1.jar;C:\Users\erlia\.m2\repository\org\springframework\spring-jdbc\6.1.11\spring-jdbc-6.1.11.jar;C:\Users\erlia\.m2\repository\org\springframework\boot\spring-boot-starter-validation\3.2.8\spring-boot-starter-validation-3.2.8.jar;C:\Users\erlia\.m2\repository\org\apache\tomcat\embed\tomcat-embed-el\10.1.26\tomcat-embed-el-10.1.26.jar;C:\Users\erlia\.m2\repository\org\hibernate\validator\hibernate-validator\8.0.1.Final\hibernate-validator-8.0.1.Final.jar;C:\Users\erlia\.m2\repository\jakarta\validation\jakarta.validation-api\3.0.2\jakarta.validation-api-3.0.2.jar;C:\Users\erlia\.m2\repository\org\springframework\boot\spring-boot-starter-thymeleaf\3.2.8\spring-boot-starter-thymeleaf-3.2.8.jar;C:\Users\erlia\.m2\repository\org\thymeleaf\thymeleaf-spring6\3.1.2.RELEASE\thymeleaf-spring6-3.1.2.RELEASE.jar;C:\Users\erlia\.m2\repository\org\thymeleaf\thymeleaf\3.1.2.RELEASE\thymeleaf-3.1.2.RELEASE.jar;C:\Users\erlia\.m2\repository\org\attoparser\attoparser\2.0.7.RELEASE\attoparser-2.0.7.RELEASE.jar;C:\Users\erlia\.m2\repository\org\unbescape\unbescape\1.1.6.RELEASE\unbescape-1.1.6.RELEASE.jar;C:\Users\erlia\.m2\repository\org\springframework\boot\spring-boot-starter-actuator\3.2.8\spring-boot-starter-actuator-3.2.8.jar;C:\Users\erlia\.m2\repository\org\springframework\boot\spring-boot-actuator-autoconfigure\3.2.8\spring-boot-actuator-autoconfigure-3.2.8.jar;C:\Users\erlia\.m2\repository\org\springframework\boot\spring-boot-actuator\3.2.8\spring-boot-actuator-3.2.8.jar;C:\Users\erlia\.m2\repository\io\micrometer\micrometer-observation\1.12.8\micrometer-observation-1.12.8.jar;C:\Users\erlia\.m2\repository\io\micrometer\micrometer-commons\1.12.8\micrometer-commons-1.12.8.jar;C:\Users\erlia\.m2\repository\io\micrometer\micrometer-jakarta9\1.12.8\micrometer-jakarta9-1.12.8.jar;C:\Users\erlia\.m2\repository\io\micrometer\micrometer-core\1.12.8\micrometer-core-1.12.8.jar;C:\Users\erlia\.m2\repository\org\hdrhistogram\HdrHistogram\2.1.12\HdrHistogram-2.1.12.jar;C:\Users\erlia\.m2\repository\org\latencyutils\LatencyUtils\2.0.3\LatencyUtils-2.0.3.jar;C:\Users\erlia\.m2\repository\org\springframework\boot\spring-boot-starter-test\3.2.8\spring-boot-starter-test-3.2.8.jar;C:\Users\erlia\.m2\repository\org\springframework\boot\spring-boot-test\3.2.8\spring-boot-test-3.2.8.jar;C:\Users\erlia\.m2\repository\org\springframework\boot\spring-boot-test-autoconfigure\3.2.8\spring-boot-test-autoconfigure-3.2.8.jar;C:\Users\erlia\.m2\repository\com\jayway\jsonpath\json-path\2.9.0\json-path-2.9.0.jar;C:\Users\erlia\.m2\repository\jakarta\xml\bind\jakarta.xml.bind-api\4.0.2\jakarta.xml.bind-api-4.0.2.jar;C:\Users\erlia\.m2\repository\jakarta\activation\jakarta.activation-api\2.1.3\jakarta.activation-api-2.1.3.jar;C:\Users\erlia\.m2\repository\net\minidev\json-smart\2.5.1\json-smart-2.5.1.jar;C:\Users\erlia\.m2\repository\net\minidev\accessors-smart\2.5.1\accessors-smart-2.5.1.jar;C:\Users\erlia\.m2\repository\org\ow2\asm\asm\9.6\asm-9.6.jar;C:\Users\erlia\.m2\repository\org\assertj\assertj-core\3.24.2\assertj-core-3.24.2.jar;C:\Users\erlia\.m2\repository\org\awaitility\awaitility\4.2.1\awaitility-4.2.1.jar;C:\Users\erlia\.m2\repository\org\hamcrest\hamcrest\2.2\hamcrest-2.2.jar;C:\Users\erlia\.m2\repository\org\junit\jupiter\junit-jupiter\5.10.3\junit-jupiter-5.10.3.jar;C:\Users\erlia\.m2\repository\org\junit\jupiter\junit-jupiter-api\5.10.3\junit-jupiter-api-5.10.3.jar;C:\Users\erlia\.m2\repository\org\opentest4j\opentest4j\1.3.0\opentest4j-1.3.0.jar;C:\Users\erlia\.m2\repository\org\junit\platform\junit-platform-commons\1.10.3\junit-platform-commons-1.10.3.jar;C:\Users\erlia\.m2\repository\org\apiguardian\apiguardian-api\1.1.2\apiguardian-api-1.1.2.jar;C:\Users\erlia\.m2\repository\org\junit\jupiter\junit-jupiter-params\5.10.3\junit-jupiter-params-5.10.3.jar;C:\Users\erlia\.m2\repository\org\junit\jupiter\junit-jupiter-engine\5.10.3\junit-jupiter-engine-5.10.3.jar;C:\Users\erlia\.m2\repository\org\junit\platform\junit-platform-engine\1.10.3\junit-platform-engine-1.10.3.jar;C:\Users\erlia\.m2\repository\org\mockito\mockito-core\5.7.0\mockito-core-5.7.0.jar;C:\Users\erlia\.m2\repository\net\bytebuddy\byte-buddy-agent\1.14.18\byte-buddy-agent-1.14.18.jar;C:\Users\erlia\.m2\repository\org\objenesis\objenesis\3.3\objenesis-3.3.jar;C:\Users\erlia\.m2\repository\org\mockito\mockito-junit-jupiter\5.7.0\mockito-junit-jupiter-5.7.0.jar;C:\Users\erlia\.m2\repository\org\skyscreamer\jsonassert\1.5.3\jsonassert-1.5.3.jar;C:\Users\erlia\.m2\repository\com\vaadin\external\google\android-json\0.0.20131108.vaadin1\android-json-0.0.20131108.vaadin1.jar;C:\Users\erlia\.m2\repository\org\springframework\spring-core\6.1.11\spring-core-6.1.11.jar;C:\Users\erlia\.m2\repository\org\springframework\spring-jcl\6.1.11\spring-jcl-6.1.11.jar;C:\Users\erlia\.m2\repository\org\springframework\spring-test\6.1.11\spring-test-6.1.11.jar;C:\Users\erlia\.m2\repository\org\xmlunit\xmlunit-core\2.9.1\xmlunit-core-2.9.1.jar;C:\Users\erlia\.m2\repository\org\springdoc\springdoc-openapi-starter-webmvc-ui\2.1.0\springdoc-openapi-starter-webmvc-ui-2.1.0.jar;C:\Users\erlia\.m2\repository\org\springdoc\springdoc-openapi-starter-webmvc-api\2.1.0\springdoc-openapi-starter-webmvc-api-2.1.0.jar;C:\Users\erlia\.m2\repository\org\springdoc\springdoc-openapi-starter-common\2.1.0\springdoc-openapi-starter-common-2.1.0.jar;C:\Users\erlia\.m2\repository\io\swagger\core\v3\swagger-core-jakarta\2.2.9\swagger-core-jakarta-2.2.9.jar;C:\Users\erlia\.m2\repository\org\apache\commons\commons-lang3\3.13.0\commons-lang3-3.13.0.jar;C:\Users\erlia\.m2\repository\io\swagger\core\v3\swagger-annotations-jakarta\2.2.9\swagger-annotations-jakarta-2.2.9.jar;C:\Users\erlia\.m2\repository\io\swagger\core\v3\swagger-models-jakarta\2.2.9\swagger-models-jakarta-2.2.9.jar;C:\Users\erlia\.m2\repository\com\fasterxml\jackson\dataformat\jackson-dataformat-yaml\2.15.4\jackson-dataformat-yaml-2.15.4.jar;C:\Users\erlia\.m2\repository\org\webjars\swagger-ui\4.18.2\swagger-ui-4.18.2.jar;C:\Users\erlia\.m2\repository\com\google\code\gson\gson\2.10.1\gson-2.10.1.jar;C:\Users\erlia\.m2\repository\org\mariadb\jdbc\mariadb-java-client\3.3.3\mariadb-java-client-3.3.3.jar;C:\Users\erlia\.m2\repository\com\github\waffle\waffle-jna\3.3.0\waffle-jna-3.3.0.jar;C:\Users\erlia\.m2\repository\net\java\dev\jna\jna\5.13.0\jna-5.13.0.jar;C:\Users\erlia\.m2\repository\net\java\dev\jna\jna-platform\5.13.0\jna-platform-5.13.0.jar;C:\Users\erlia\.m2\repository\org\slf4j\jcl-over-slf4j\2.0.13\jcl-over-slf4j-2.0.13.jar;C:\Users\erlia\.m2\repository\com\github\ben-manes\caffeine\caffeine\3.1.8\caffeine-3.1.8.jar;C:\Users\erlia\.m2\repository\com\google\errorprone\error_prone_annotations\2.21.1\error_prone_annotations-2.21.1.jar;C:\Users\erlia\.m2\repository\org\checkerframework\checker-qual\3.32.0\checker-qual-3.32.0.jar;C:\Users\erlia\.m2\repository\org\projectlombok\lombok\1.18.34\lombok-1.18.34.jar;"/>
    <property name="sun.cpu.endian" value="little"/>
    <property name="user.home" value="C:\Users\erlia"/>
    <property name="user.language" value="ko"/>
    <property name="java.specification.vendor" value="Oracle Corporation"/>
    <property name="java.version.date" value="2025-01-21"/>
    <property name="java.home" value="C:\Program Files\Java\jdk-21"/>
    <property name="file.separator" value="\"/>
    <property name="basedir" value="E:\Program Study\Spring\AxisSpring"/>
    <property name="java.vm.compressedOopsMode" value="Zero based"/>
    <property name="line.separator" value="&#10;"/>
    <property name="java.vm.specification.vendor" value="Oracle Corporation"/>
    <property name="java.specification.name" value="Java Platform API Specification"/>
    <property name="FILE_LOG_CHARSET" value="UTF-8"/>
    <property name="java.awt.headless" value="true"/>
    <property name="surefire.real.class.path" value="C:\Users\erlia\AppData\Local\Temp\surefire5079648201888132940\surefirebooter-20250509160819967_3.jar"/>
    <property name="user.script" value=""/>
    <property name="sun.management.compiler" value="HotSpot 64-Bit Tiered Compilers"/>
    <property name="java.runtime.version" value="21.0.6+8-LTS-188"/>
    <property name="user.name" value="erlia"/>
    <property name="stdout.encoding" value="UTF-8"/>
    <property name="path.separator" value=";"/>
    <property name="os.version" value="10.0"/>
    <property name="java.runtime.name" value="Java(TM) SE Runtime Environment"/>
    <property name="file.encoding" value="UTF-8"/>
    <property name="java.vm.name" value="Java HotSpot(TM) 64-Bit Server VM"/>
    <property name="localRepository" value="C:\Users\erlia\.m2\repository"/>
    <property name="java.vendor.url.bug" value="https://bugreport.java.com/bugreport/"/>
    <property name="java.io.tmpdir" value="C:\Users\erlia\AppData\Local\Temp\"/>
    <property name="com.zaxxer.hikari.pool_number" value="1"/>
    <property name="java.version" value="21.0.6"/>
    <property name="user.dir" value="E:\Program Study\Spring\AxisSpring"/>
    <property name="os.arch" value="amd64"/>
    <property name="java.vm.specification.name" value="Java Virtual Machine Specification"/>
    <property name="PID" value="7648"/>
    <property name="sun.os.patch.level" value=""/>
    <property name="CONSOLE_LOG_CHARSET" value="UTF-8"/>
    <property name="native.encoding" value="MS949"/>
    <property name="java.library.path" value="C:\Program Files\Java\jdk-21\bin;C:\Windows\Sun\Java\bin;C:\Windows\system32;C:\Windows;C:\Users\erlia\AppData\Roaming\Code\User\globalStorage\pleiades.java-extension-pack-jdk\gradle\latest\bin;C:\Users\erlia\AppData\Roaming\Code\User\globalStorage\pleiades.java-extension-pack-jdk\maven\latest\bin;C:\Program Files\Java\jdk-21\bin;C:\Program Files\Common Files\Oracle\Java\javapath;C:\Program Files (x86)\VMware\VMware Workstation\bin\;C:\Windows\system32;C:\Windows;C:\Windows\System32\Wbem;C:\Windows\System32\WindowsPowerShell\v1.0\;C:\Windows\System32\OpenSSH\;C:\Program Files\Bandizip\;C:\Program Files\nodejs\;C:\Program Files\NVIDIA Corporation\NVIDIA app\NvDLISR;C:\Program Files (x86)\Common Files\Acronis\SnapAPI\;C:\Program Files (x86)\Common Files\Acronis\VirtualFile\;C:\Program Files (x86)\Common Files\Acronis\VirtualFile64\;C:\Program Files (x86)\NVIDIA Corporation\PhysX\Common;C:\Program Files\Java\jdk-21\bin;C:\Program Files\PowerShell\7\;C:\Program Files\Git\cmd;C:\Users\erlia\AppData\Local\Programs\Python\Python313\Scripts\;C:\Users\erlia\AppData\Local\Programs\Python\Python313\;C:\Users\erlia\scoop\shims;C:\Users\erlia\AppData\Local\Microsoft\WindowsApps;C:\Users\erlia\AppData\Local\Programs\Microsoft VS Code\bin;C:\Users\erlia\AppData\Roaming\npm;C:\Users\erlia\AppData\Local\GitHubDesktop\bin;c:\Users\erlia\AppData\Roaming\Code\User\globalStorage\github.copilot-chat\debugCommand;."/>
    <property name="java.vm.info" value="mixed mode, sharing"/>
    <property name="stderr.encoding" value="UTF-8"/>
    <property name="java.vendor" value="Oracle Corporation"/>
    <property name="java.vm.version" value="21.0.6+8-LTS-188"/>
    <property name="sun.io.unicode.encoding" value="UnicodeLittle"/>
    <property name="java.class.version" value="65.0"/>
    <property name="LOGGED_APPLICATION_NAME" value="[Axis-Spring] "/>
  </properties>
  <testcase name="contextLoads" classname="Axis.Axis_Spring.AxisSpringApplicationTests" time="0.313">
    <system-out><![CDATA[16:08:20.778 [main] INFO org.springframework.test.context.support.AnnotationConfigContextLoaderUtils -- Could not detect default configuration classes for test class [Axis.Axis_Spring.AxisSpringApplicationTests]: AxisSpringApplicationTests does not declare any static, non-private, non-final, nested classes annotated with @Configuration.
16:08:20.860 [main] INFO org.springframework.boot.test.context.SpringBootTestContextBootstrapper -- Found @SpringBootConfiguration Axis.Axis_Spring.AxisSpringApplication for test class Axis.Axis_Spring.AxisSpringApplicationTests
16:08:20,649 |-INFO in ch.qos.logback.classic.LoggerContext[default] - This is logback-classic version 1.4.14
16:08:20,651 |-INFO in ch.qos.logback.classic.util.ContextInitializer@26c77f54 - Here is a list of configurators discovered as a service, by rank: 
16:08:20,651 |-INFO in ch.qos.logback.classic.util.ContextInitializer@26c77f54 -   org.springframework.boot.logging.logback.RootLogLevelConfigurator
16:08:20,651 |-INFO in ch.qos.logback.classic.util.ContextInitializer@26c77f54 - They will be invoked in order until ExecutionStatus.DO_NOT_INVOKE_NEXT_IF_ANY is returned.
16:08:20,651 |-INFO in ch.qos.logback.classic.util.ContextInitializer@26c77f54 - Constructed configurator of type class org.springframework.boot.logging.logback.RootLogLevelConfigurator
16:08:20,659 |-INFO in ch.qos.logback.classic.util.ContextInitializer@26c77f54 - org.springframework.boot.logging.logback.RootLogLevelConfigurator.configure() call lasted 2 milliseconds. ExecutionStatus=INVOKE_NEXT_IF_ANY
16:08:20,659 |-INFO in ch.qos.logback.classic.util.ContextInitializer@26c77f54 - Trying to configure with ch.qos.logback.classic.joran.SerializedModelConfigurator
16:08:20,660 |-INFO in ch.qos.logback.classic.util.ContextInitializer@26c77f54 - Constructed configurator of type class ch.qos.logback.classic.joran.SerializedModelConfigurator
16:08:20,661 |-INFO in ch.qos.logback.classic.LoggerContext[default] - Could NOT find resource [logback-test.scmo]
16:08:20,662 |-INFO in ch.qos.logback.classic.LoggerContext[default] - Could NOT find resource [logback.scmo]
16:08:20,662 |-INFO in ch.qos.logback.classic.util.ContextInitializer@26c77f54 - ch.qos.logback.classic.joran.SerializedModelConfigurator.configure() call lasted 2 milliseconds. ExecutionStatus=INVOKE_NEXT_IF_ANY
16:08:20,662 |-INFO in ch.qos.logback.classic.util.ContextInitializer@26c77f54 - Trying to configure with ch.qos.logback.classic.util.DefaultJoranConfigurator
16:08:20,662 |-INFO in ch.qos.logback.classic.util.ContextInitializer@26c77f54 - Constructed configurator of type class ch.qos.logback.classic.util.DefaultJoranConfigurator
16:08:20,663 |-INFO in ch.qos.logback.classic.LoggerContext[default] - Could NOT find resource [logback-test.xml]
16:08:20,663 |-INFO in ch.qos.logback.classic.LoggerContext[default] - Could NOT find resource [logback.xml]
16:08:20,663 |-INFO in ch.qos.logback.classic.util.ContextInitializer@26c77f54 - ch.qos.logback.classic.util.DefaultJoranConfigurator.configure() call lasted 1 milliseconds. ExecutionStatus=INVOKE_NEXT_IF_ANY
16:08:20,663 |-INFO in ch.qos.logback.classic.util.ContextInitializer@26c77f54 - Trying to configure with ch.qos.logback.classic.BasicConfigurator
16:08:20,664 |-INFO in ch.qos.logback.classic.util.ContextInitializer@26c77f54 - Constructed configurator of type class ch.qos.logback.classic.BasicConfigurator
16:08:20,664 |-INFO in ch.qos.logback.classic.BasicConfigurator@3e856100 - Setting up default configuration.
16:08:20,678 |-INFO in ch.qos.logback.classic.util.ContextInitializer@26c77f54 - ch.qos.logback.classic.BasicConfigurator.configure() call lasted 14 milliseconds. ExecutionStatus=NEUTRAL
16:08:21,174 |-INFO in ch.qos.logback.classic.model.processor.ConfigurationModelHandlerFull - Registering a new ReconfigureOnChangeTask ReconfigureOnChangeTask(born:1746774501174)
16:08:21,174 |-INFO in ch.qos.logback.classic.model.processor.ConfigurationModelHandlerFull - Will scan for changes in [file:/E:/Program%20Study/Spring/AxisSpring/target/classes/logback-spring.xml] 
16:08:21,175 |-INFO in ch.qos.logback.classic.model.processor.ConfigurationModelHandlerFull - Setting ReconfigureOnChangeTask scanning period to 30 seconds
16:08:21,177 |-INFO in ch.qos.logback.core.model.processor.AppenderModelHandler - Processing appender named [console]
16:08:21,177 |-INFO in ch.qos.logback.core.model.processor.AppenderModelHandler - About to instantiate appender of type [ch.qos.logback.core.ConsoleAppender]
16:08:21,182 |-INFO in ch.qos.logback.core.model.processor.ImplicitModelHandler - Assuming default type [ch.qos.logback.classic.encoder.PatternLayoutEncoder] for [encoder] property
16:08:21,195 |-WARN in ch.qos.logback.core.model.processor.AppenderModelHandler - Appender named [DEBUG_LOG] not referenced. Skipping further processing.
16:08:21,195 |-WARN in ch.qos.logback.core.model.processor.AppenderModelHandler - Appender named [INFO_LOG] not referenced. Skipping further processing.
16:08:21,195 |-INFO in ch.qos.logback.classic.model.processor.RootLoggerModelHandler - Setting level of ROOT logger to INFO
16:08:21,195 |-INFO in ch.qos.logback.classic.jul.LevelChangePropagator@6e9a0bea - Propagating INFO level on Logger[ROOT] onto the JUL framework
16:08:21,195 |-INFO in ch.qos.logback.core.model.processor.AppenderRefModelHandler - Attaching appender named [console] to Logger[ROOT]
16:08:21,195 |-INFO in ch.qos.logback.core.model.processor.DefaultProcessor@28fc1132 - End of configuration.
16:08:21,196 |-INFO in org.springframework.boot.logging.logback.SpringBootJoranConfigurator@355ce6a6 - Registering current configuration as safe fallback point


  .   ____          _            __ _ _
 /\\ / ___'_ __ _ _(_)_ __  __ _ \ \ \ \
( ( )\___ | '_ | '_| | '_ \/ _` | \ \ \ \
 \\/  ___)| |_)| | | | | || (_| |  ) ) ) )
  '  |____| .__|_| |_|_| |_\__, | / / / /
 =========|_|==============|___/=/_/_/_/
&amp#27;[32m :: Spring Boot :: &amp#27;[39m              &amp#27;[2m (v3.2.8)&amp#27;[0;39m

&amp#27;[32m[2025-05-09 16:08:21.222]&amp#27;[0;39m &amp#27;[35m[INFO ]&amp#27;[0;39m &amp#27;[34m[background-preinit]&amp#27;[0;39m &amp#27;[36mo.h.v.internal.util.Version&amp#27;[0;39m &amp#27;[33mHV000001: Hibernate Validator 8.0.1.Final
&amp#27;[0;39m&amp#27;[32m[2025-05-09 16:08:21.245]&amp#27;[0;39m &amp#27;[35m[INFO ]&amp#27;[0;39m &amp#27;[34m[main]&amp#27;[0;39m &amp#27;[36mA.A.AxisSpringApplicationTests&amp#27;[0;39m &amp#27;[33mStarting AxisSpringApplicationTests using Java 21.0.6 with PID 7648 (started by erlia in E:\Program Study\Spring\AxisSpring)
&amp#27;[0;39m&amp#27;[32m[2025-05-09 16:08:21.245]&amp#27;[0;39m &amp#27;[35m[INFO ]&amp#27;[0;39m &amp#27;[34m[main]&amp#27;[0;39m &amp#27;[36mA.A.AxisSpringApplicationTests&amp#27;[0;39m &amp#27;[33mNo active profile set, falling back to 1 default profile: "default"
&amp#27;[0;39m&amp#27;[32m[2025-05-09 16:08:22.080]&amp#27;[0;39m &amp#27;[35m[INFO ]&amp#27;[0;39m &amp#27;[34m[main]&amp#27;[0;39m &amp#27;[36mo.s.d.r.c.RepositoryConfigurationDelegate&amp#27;[0;39m &amp#27;[33mBootstrapping Spring Data JPA repositories in DEFAULT mode.
&amp#27;[0;39m&amp#27;[32m[2025-05-09 16:08:22.122]&amp#27;[0;39m &amp#27;[35m[INFO ]&amp#27;[0;39m &amp#27;[34m[main]&amp#27;[0;39m &amp#27;[36mo.s.d.r.c.RepositoryConfigurationDelegate&amp#27;[0;39m &amp#27;[33mFinished Spring Data repository scanning in 36 ms. Found 1 JPA repository interface.
&amp#27;[0;39m&amp#27;[32m[2025-05-09 16:08:22.657]&amp#27;[0;39m &amp#27;[35m[INFO ]&amp#27;[0;39m &amp#27;[34m[main]&amp#27;[0;39m &amp#27;[36mo.h.j.internal.util.LogHelper&amp#27;[0;39m &amp#27;[33mHHH000204: Processing PersistenceUnitInfo [name: default]
&amp#27;[0;39m&amp#27;[32m[2025-05-09 16:08:22.704]&amp#27;[0;39m &amp#27;[35m[INFO ]&amp#27;[0;39m &amp#27;[34m[main]&amp#27;[0;39m &amp#27;[36morg.hibernate.Version&amp#27;[0;39m &amp#27;[33mHHH000412: Hibernate ORM core version 6.4.9.Final
&amp#27;[0;39m&amp#27;[32m[2025-05-09 16:08:22.729]&amp#27;[0;39m &amp#27;[35m[INFO ]&amp#27;[0;39m &amp#27;[34m[main]&amp#27;[0;39m &amp#27;[36mo.h.c.i.RegionFactoryInitiator&amp#27;[0;39m &amp#27;[33mHHH000026: Second-level cache disabled
&amp#27;[0;39m&amp#27;[32m[2025-05-09 16:08:22.928]&amp#27;[0;39m &amp#27;[35m[INFO ]&amp#27;[0;39m &amp#27;[34m[main]&amp#27;[0;39m &amp#27;[36mo.s.o.j.p.SpringPersistenceUnitInfo&amp#27;[0;39m &amp#27;[33mNo LoadTimeWeaver setup: ignoring JPA class transformer
&amp#27;[0;39m&amp#27;[32m[2025-05-09 16:08:22.955]&amp#27;[0;39m &amp#27;[35m[INFO ]&amp#27;[0;39m &amp#27;[34m[main]&amp#27;[0;39m &amp#27;[36mc.z.hikari.HikariDataSource&amp#27;[0;39m &amp#27;[33mHikariPool-1 - Starting...
&amp#27;[0;39m&amp#27;[32m[2025-05-09 16:08:23.064]&amp#27;[0;39m &amp#27;[35m[INFO ]&amp#27;[0;39m &amp#27;[34m[main]&amp#27;[0;39m &amp#27;[36mc.z.hikari.pool.HikariPool&amp#27;[0;39m &amp#27;[33mHikariPool-1 - Added connection org.mariadb.jdbc.Connection@62ec0967
&amp#27;[0;39m&amp#27;[32m[2025-05-09 16:08:23.067]&amp#27;[0;39m &amp#27;[35m[INFO ]&amp#27;[0;39m &amp#27;[34m[main]&amp#27;[0;39m &amp#27;[36mc.z.hikari.HikariDataSource&amp#27;[0;39m &amp#27;[33mHikariPool-1 - Start completed.
&amp#27;[0;39m&amp#27;[32m[2025-05-09 16:08:23.835]&amp#27;[0;39m &amp#27;[35m[INFO ]&amp#27;[0;39m &amp#27;[34m[main]&amp#27;[0;39m &amp#27;[36mo.h.e.t.j.p.i.JtaPlatformInitiator&amp#27;[0;39m &amp#27;[33mHHH000489: No JTA platform available (set 'hibernate.transaction.jta.platform' to enable JTA platform integration)
&amp#27;[0;39m&amp#27;[32m[2025-05-09 16:08:23.889]&amp#27;[0;39m &amp#27;[35m[INFO ]&amp#27;[0;39m &amp#27;[34m[main]&amp#27;[0;39m &amp#27;[36mo.s.o.j.LocalContainerEntityManagerFactoryBean&amp#27;[0;39m &amp#27;[33mInitialized JPA EntityManagerFactory for persistence unit 'default'
&amp#27;[0;39m&amp#27;[32m[2025-05-09 16:08:24.375]&amp#27;[0;39m &amp#27;[35m[WARN ]&amp#27;[0;39m &amp#27;[31m[main]&amp#27;[0;39m &amp#27;[36mo.s.b.a.o.j.JpaBaseConfiguration$JpaWebConfiguration&amp#27;[0;39m &amp#27;[33mspring.jpa.open-in-view is enabled by default. Therefore, database queries may be performed during view rendering. Explicitly configure spring.jpa.open-in-view to disable this warning
&amp#27;[0;39m&amp#27;[32m[2025-05-09 16:08:24.719]&amp#27;[0;39m &amp#27;[35m[WARN ]&amp#27;[0;39m &amp#27;[31m[main]&amp#27;[0;39m &amp#27;[36mo.s.b.a.t.ThymeleafAutoConfiguration$DefaultTemplateResolverConfiguration&amp#27;[0;39m &amp#27;[33mCannot find template location: classpath:/templates/ (please add some templates, check your Thymeleaf configuration, or set spring.thymeleaf.check-template-location=false)
&amp#27;[0;39m&amp#27;[32m[2025-05-09 16:08:25.038]&amp#27;[0;39m &amp#27;[35m[INFO ]&amp#27;[0;39m &amp#27;[34m[main]&amp#27;[0;39m &amp#27;[36mo.s.b.a.e.w.EndpointLinksResolver&amp#27;[0;39m &amp#27;[33mExposing 1 endpoint(s) beneath base path '/actuator'
&amp#27;[0;39m&amp#27;[32m[2025-05-09 16:08:25.081]&amp#27;[0;39m &amp#27;[35m[INFO ]&amp#27;[0;39m &amp#27;[34m[main]&amp#27;[0;39m &amp#27;[36mA.A.AxisSpringApplicationTests&amp#27;[0;39m &amp#27;[33mStarted AxisSpringApplicationTests in 4.092 seconds (process running for 5.049)
&amp#27;[0;39m]]></system-out>
    <system-err><![CDATA[WARNING: A Java agent has been loaded dynamically (C:\Users\erlia\.m2\repository\net\bytebuddy\byte-buddy-agent\1.14.18\byte-buddy-agent-1.14.18.jar)
WARNING: If a serviceability tool is in use, please run with -XX:+EnableDynamicAgentLoading to hide this warning
WARNING: If a serviceability tool is not in use, please run with -Djdk.instrument.traceUsage for more information
WARNING: Dynamic loading of agents will be disallowed by default in a future release
]]></system-err>
  </testcase>
</testsuite>